<?xml version="1.0" encoding="UTF-8"?>
<testsuite xmlns:xsi="http://www.w3.org/2001/XMLSchema-instance" xsi:noNamespaceSchemaLocation="https://maven.apache.org/surefire/maven-surefire-plugin/xsd/surefire-test-report-3.0.xsd" version="3.0" name="org.example.AppTest" time="0.002" tests="1" errors="0" skipped="0" failures="0">
  <properties>
    <property name="java.specification.version" value="22"/>
    <property name="sun.cpu.isalist" value="amd64"/>
    <property name="sun.jnu.encoding" value="Cp1252"/>
    <property name="java.class.path" value="F:\T\term\software az\week4\bdd\bdd calculator\target\test-classes;F:\T\term\software az\week4\bdd\bdd calculator\target\classes;C:\Users\NoteBook\.m2\repository\junit\junit\4.13.2\junit-4.13.2.jar;C:\Users\NoteBook\.m2\repository\org\hamcrest\hamcrest-core\1.3\hamcrest-core-1.3.jar;C:\Users\NoteBook\.m2\repository\io\cucumber\cucumber-junit\7.20.1\cucumber-junit-7.20.1.jar;C:\Users\NoteBook\.m2\repository\org\apiguardian\apiguardian-api\1.1.2\apiguardian-api-1.1.2.jar;C:\Users\NoteBook\.m2\repository\io\cucumber\cucumber-core\7.20.1\cucumber-core-7.20.1.jar;C:\Users\NoteBook\.m2\repository\io\cucumber\cucumber-gherkin\7.20.1\cucumber-gherkin-7.20.1.jar;C:\Users\NoteBook\.m2\repository\io\cucumber\cucumber-gherkin-messages\7.20.1\cucumber-gherkin-messages-7.20.1.jar;C:\Users\NoteBook\.m2\repository\io\cucumber\gherkin\28.0.0\gherkin-28.0.0.jar;C:\Users\NoteBook\.m2\repository\io\cucumber\messages\24.1.0\messages-24.1.0.jar;C:\Users\NoteBook\.m2\repository\io\cucumber\testng-xml-formatter\0.2.0\testng-xml-formatter-0.2.0.jar;C:\Users\NoteBook\.m2\repository\io\cucumber\query\12.2.0\query-12.2.0.jar;C:\Users\NoteBook\.m2\repository\io\cucumber\tag-expressions\6.1.0\tag-expressions-6.1.0.jar;C:\Users\NoteBook\.m2\repository\io\cucumber\cucumber-expressions\17.1.0\cucumber-expressions-17.1.0.jar;C:\Users\NoteBook\.m2\repository\io\cucumber\datatable\7.20.1\datatable-7.20.1.jar;C:\Users\NoteBook\.m2\repository\io\cucumber\cucumber-plugin\7.20.1\cucumber-plugin-7.20.1.jar;C:\Users\NoteBook\.m2\repository\io\cucumber\docstring\7.20.1\docstring-7.20.1.jar;C:\Users\NoteBook\.m2\repository\io\cucumber\html-formatter\21.7.0\html-formatter-21.7.0.jar;C:\Users\NoteBook\.m2\repository\io\cucumber\junit-xml-formatter\0.5.0\junit-xml-formatter-0.5.0.jar;C:\Users\NoteBook\.m2\repository\io\cucumber\ci-environment\10.0.1\ci-environment-10.0.1.jar;C:\Users\NoteBook\.m2\repository\io\cucumber\cucumber-java\7.20.1\cucumber-java-7.20.1.jar;C:\Users\NoteBook\.m2\repository\info\cukes\cucumber-junit\1.2.5\cucumber-junit-1.2.5.jar;C:\Users\NoteBook\.m2\repository\info\cukes\cucumber-core\1.2.5\cucumber-core-1.2.5.jar;C:\Users\NoteBook\.m2\repository\info\cukes\cucumber-html\0.2.3\cucumber-html-0.2.3.jar;C:\Users\NoteBook\.m2\repository\info\cukes\cucumber-jvm-deps\1.0.5\cucumber-jvm-deps-1.0.5.jar;C:\Users\NoteBook\.m2\repository\info\cukes\gherkin\2.12.2\gherkin-2.12.2.jar;C:\Users\NoteBook\.m2\repository\info\cukes\cucumber-java\1.2.5\cucumber-java-1.2.5.jar;C:\Users\NoteBook\.m2\repository\org\projectlombok\lombok\1.18.30\lombok-1.18.30.jar;"/>
    <property name="java.vm.vendor" value="Oracle Corporation"/>
    <property name="sun.arch.data.model" value="64"/>
    <property name="user.variant" value=""/>
    <property name="java.vendor.url" value="https://java.oracle.com/"/>
    <property name="user.timezone" value="Asia/Tehran"/>
    <property name="os.name" value="Windows 11"/>
    <property name="java.vm.specification.version" value="22"/>
    <property name="sun.java.launcher" value="SUN_STANDARD"/>
    <property name="user.country" value="US"/>
    <property name="sun.boot.library.path" value="F:\apps\javajdk\bin"/>
    <property name="sun.java.command" value="C:\Users\NoteBook\AppData\Local\Temp\surefire3744840174420103482\surefirebooter-20250507193958763_3.jar C:\Users\NoteBook\AppData\Local\Temp\surefire3744840174420103482 2025-05-07T19-39-58_631-jvmRun1 surefire-20250507193958763_1tmp surefire_0-20250507193958763_2tmp"/>
    <property name="jdk.debug" value="release"/>
    <property name="surefire.test.class.path" value="F:\T\term\software az\week4\bdd\bdd calculator\target\test-classes;F:\T\term\software az\week4\bdd\bdd calculator\target\classes;C:\Users\NoteBook\.m2\repository\junit\junit\4.13.2\junit-4.13.2.jar;C:\Users\NoteBook\.m2\repository\org\hamcrest\hamcrest-core\1.3\hamcrest-core-1.3.jar;C:\Users\NoteBook\.m2\repository\io\cucumber\cucumber-junit\7.20.1\cucumber-junit-7.20.1.jar;C:\Users\NoteBook\.m2\repository\org\apiguardian\apiguardian-api\1.1.2\apiguardian-api-1.1.2.jar;C:\Users\NoteBook\.m2\repository\io\cucumber\cucumber-core\7.20.1\cucumber-core-7.20.1.jar;C:\Users\NoteBook\.m2\repository\io\cucumber\cucumber-gherkin\7.20.1\cucumber-gherkin-7.20.1.jar;C:\Users\NoteBook\.m2\repository\io\cucumber\cucumber-gherkin-messages\7.20.1\cucumber-gherkin-messages-7.20.1.jar;C:\Users\NoteBook\.m2\repository\io\cucumber\gherkin\28.0.0\gherkin-28.0.0.jar;C:\Users\NoteBook\.m2\repository\io\cucumber\messages\24.1.0\messages-24.1.0.jar;C:\Users\NoteBook\.m2\repository\io\cucumber\testng-xml-formatter\0.2.0\testng-xml-formatter-0.2.0.jar;C:\Users\NoteBook\.m2\repository\io\cucumber\query\12.2.0\query-12.2.0.jar;C:\Users\NoteBook\.m2\repository\io\cucumber\tag-expressions\6.1.0\tag-expressions-6.1.0.jar;C:\Users\NoteBook\.m2\repository\io\cucumber\cucumber-expressions\17.1.0\cucumber-expressions-17.1.0.jar;C:\Users\NoteBook\.m2\repository\io\cucumber\datatable\7.20.1\datatable-7.20.1.jar;C:\Users\NoteBook\.m2\repository\io\cucumber\cucumber-plugin\7.20.1\cucumber-plugin-7.20.1.jar;C:\Users\NoteBook\.m2\repository\io\cucumber\docstring\7.20.1\docstring-7.20.1.jar;C:\Users\NoteBook\.m2\repository\io\cucumber\html-formatter\21.7.0\html-formatter-21.7.0.jar;C:\Users\NoteBook\.m2\repository\io\cucumber\junit-xml-formatter\0.5.0\junit-xml-formatter-0.5.0.jar;C:\Users\NoteBook\.m2\repository\io\cucumber\ci-environment\10.0.1\ci-environment-10.0.1.jar;C:\Users\NoteBook\.m2\repository\io\cucumber\cucumber-java\7.20.1\cucumber-java-7.20.1.jar;C:\Users\NoteBook\.m2\repository\info\cukes\cucumber-junit\1.2.5\cucumber-junit-1.2.5.jar;C:\Users\NoteBook\.m2\repository\info\cukes\cucumber-core\1.2.5\cucumber-core-1.2.5.jar;C:\Users\NoteBook\.m2\repository\info\cukes\cucumber-html\0.2.3\cucumber-html-0.2.3.jar;C:\Users\NoteBook\.m2\repository\info\cukes\cucumber-jvm-deps\1.0.5\cucumber-jvm-deps-1.0.5.jar;C:\Users\NoteBook\.m2\repository\info\cukes\gherkin\2.12.2\gherkin-2.12.2.jar;C:\Users\NoteBook\.m2\repository\info\cukes\cucumber-java\1.2.5\cucumber-java-1.2.5.jar;C:\Users\NoteBook\.m2\repository\org\projectlombok\lombok\1.18.30\lombok-1.18.30.jar;"/>
    <property name="sun.cpu.endian" value="little"/>
    <property name="user.home" value="C:\Users\NoteBook"/>
    <property name="user.language" value="en"/>
    <property name="java.specification.vendor" value="Oracle Corporation"/>
    <property name="java.version.date" value="2024-07-16"/>
    <property name="java.home" value="F:\apps\javajdk"/>
    <property name="file.separator" value="\"/>
    <property name="basedir" value="F:\T\term\software az\week4\bdd\bdd calculator"/>
    <property name="java.vm.compressedOopsMode" value="Zero based"/>
    <property name="line.separator" value="&#10;"/>
    <property name="java.vm.specification.vendor" value="Oracle Corporation"/>
    <property name="java.specification.name" value="Java Platform API Specification"/>
    <property name="surefire.real.class.path" value="C:\Users\NoteBook\AppData\Local\Temp\surefire3744840174420103482\surefirebooter-20250507193958763_3.jar"/>
    <property name="user.script" value=""/>
    <property name="sun.management.compiler" value="HotSpot 64-Bit Tiered Compilers"/>
    <property name="java.runtime.version" value="22.0.2+9-70"/>
    <property name="user.name" value="NoteBook"/>
    <property name="stdout.encoding" value="Cp1252"/>
    <property name="path.separator" value=";"/>
    <property name="os.version" value="10.0"/>
    <property name="java.runtime.name" value="Java(TM) SE Runtime Environment"/>
    <property name="file.encoding" value="UTF-8"/>
    <property name="java.vm.name" value="Java HotSpot(TM) 64-Bit Server VM"/>
    <property name="localRepository" value="C:\Users\NoteBook\.m2\repository"/>
    <property name="java.vendor.url.bug" value="https://bugreport.java.com/bugreport/"/>
    <property name="java.io.tmpdir" value="C:\Users\NoteBook\AppData\Local\Temp\"/>
    <property name="idea.version" value="2024.3.1.1"/>
    <property name="java.version" value="22.0.2"/>
    <property name="user.dir" value="F:\T\term\software az\week4\bdd\bdd calculator"/>
    <property name="os.arch" value="amd64"/>
    <property name="java.vm.specification.name" value="Java Virtual Machine Specification"/>
    <property name="sun.os.patch.level" value=""/>
    <property name="native.encoding" value="Cp1252"/>
    <property name="java.library.path" value="F:\apps\javajdk\bin;C:\Windows\Sun\Java\bin;C:\Windows\system32;C:\Windows;C:\Program Files\Common Files\Oracle\Java\javapath;C:\Windows\system32;C:\Windows;C:\Windows\System32\Wbem;C:\Windows\System32\WindowsPowerShell\v1.0\;C:\Windows\System32\OpenSSH\;C:\Program Files (x86)\NVIDIA Corporation\PhysX\Common;C:\Program Files\NVIDIA Corporation\NVIDIA NvDLISR;C:\Program Files\dotnet\;C:\adb;C:\apktool\Apktool-master;F:\apps\git\Git\cmd;F:\apps\javajdk\bin;F:\apps\git\Git\bin;F:\apps\git\Git\cmd;F:\apps\flutter_windows_3.22.3-stable\flutter\bin;C:\Users\NoteBook\AppData\Local\Android\Sdk\Sdk\cmdline-tools\bin;F:\apps\pypy3.10-v7.3.17-win64\pypy3.10-v7.3.17-win64;F:\apps\pypy3.10-v7.3.17-win64\pypy3.10-v7.3.17-win64\Scripts;F:\apps\nvm\nvm\nvm;C:\Program Files\nodejs;F:\apps\apache-maven-3.9.9-bin\apache-maven-3.9.9\bin;C:\Program Files\MongoDB\Server\8.0\bin;C:\Users\NoteBook\AppData\Local\Programs\mongosh;F:\apps\matlab install\runtime\win64;F:\apps\matlab install\bin;;C:\Program Files\Docker\Docker\resources\bin;C:\Users\NoteBook\.cargo\bin;C:\Users\NoteBook\AppData\Local\Programs\Python\Python312\Scripts\;C:\Users\NoteBook\AppData\Local\Programs\Python\Python312\;C:\Users\NoteBook\AppData\Local\Programs\Python\Launcher\;C:\Users\NoteBook\AppData\Local\Microsoft\WindowsApps;C:\Program Files\JetBrains\PyCharm Community Edition 2024.1\bin;;C:\Users\NoteBook\AppData\Local\Programs\Microsoft VS Code\bin;C:\Users\NoteBook\AppData\Roaming\npm;F:\apps\nvm\nvm\nvm;C:\Program Files\nodejs;C:\Users\NoteBook\AppData\Local\Programs\mongosh\;F:\apps\msys64\mingw64\bin;F:\apps\msys64\ucrt64\bin;C:\Users\NoteBook\AppData\Local\GitHubDesktop\bin;."/>
    <property name="java.vm.info" value="mixed mode, sharing"/>
    <property name="stderr.encoding" value="Cp1252"/>
    <property name="java.vendor" value="Oracle Corporation"/>
    <property name="java.vm.version" value="22.0.2+9-70"/>
    <property name="sun.io.unicode.encoding" value="UnicodeLittle"/>
    <property name="java.class.version" value="66.0"/>
  </properties>
  <testcase name="testApp" classname="org.example.AppTest" time="0.001"/>
</testsuite>